<?xml version="1.0" encoding="UTF-8"?>
<!-- Generated by org.testng.reporters.JUnitXMLReporter -->
<testsuite hostname="DESKTOP-5P74EC3" ignored="0" name="Test Node1" tests="12" failures="0" timestamp="2020-10-26T19:36:29 IST" time="280.7" errors="0">
  <testcase name="testOne" time="47.09" classname="testCases.TestHome"/>
  <testcase name="TestOne" time="65.885" classname="testCases.TestCar"/>
  <testcase name="testOne" time="40.282" classname="testCases.TestHome"/>
  <testcase name="TestOne" time="43.449" classname="testCases.TestCar"/>
  <testcase name="testOne" time="46.679" classname="testCases.TestHome"/>
  <testcase name="TestOne" time="51.085" classname="testCases.TestCar"/>
  <testcase name="testTwo" time="43.89" classname="testCases.TestHome"/>
  <testcase name="TestTwo" time="42.415" classname="testCases.TestCar"/>
  <testcase name="testTwo" time="43.088" classname="testCases.TestHome"/>
  <testcase name="TestTwo" time="38.761" classname="testCases.TestCar"/>
  <testcase name="testTwo" time="42.974" classname="testCases.TestHome"/>
  <testcase name="TestTwo" time="37.479" classname="testCases.TestCar"/>
</testsuite> <!-- Test Node1 -->
