<?xml version="1.0" encoding="UTF-8"?>
<!-- Generated by org.testng.reporters.JUnitXMLReporter -->
<testsuite hostname="DESKTOP-5P74EC3" ignored="0" name="CarLoan" tests="6" failures="0" timestamp="2020-10-21T15:45:05 IST" time="234.994" errors="0">
  <testcase name="TestOne" time="42.518" classname="testCases.TestCar"/>
  <testcase name="TestOne" time="39.997" classname="testCases.TestCar"/>
  <testcase name="TestOne" time="39.549" classname="testCases.TestCar"/>
  <testcase name="TestTwo" time="36.314" classname="testCases.TestCar"/>
  <testcase name="TestTwo" time="39.959" classname="testCases.TestCar"/>
  <testcase name="TestTwo" time="35.425" classname="testCases.TestCar"/>
</testsuite> <!-- CarLoan -->
