<?xml version="1.0" encoding="UTF-8"?>
<!-- Generated by org.testng.reporters.JUnitXMLReporter -->
<testsuite hostname="DESKTOP-5P74EC3" ignored="0" name="HomeLoan" tests="6" failures="0" timestamp="2020-10-21T15:48:55 IST" time="230.122" errors="0">
  <testcase name="testOne" time="39.75" classname="testCases.TestHome"/>
  <testcase name="testOne" time="35.706" classname="testCases.TestHome"/>
  <testcase name="testOne" time="40.462" classname="testCases.TestHome"/>
  <testcase name="testTwo" time="35.1" classname="testCases.TestHome"/>
  <testcase name="testTwo" time="36.6" classname="testCases.TestHome"/>
  <testcase name="testTwo" time="41.869" classname="testCases.TestHome"/>
</testsuite> <!-- HomeLoan -->
