<?xml version="1.0" encoding="UTF-8"?>
<!-- Generated by org.testng.reporters.JUnitXMLReporter -->
<testsuite hostname="DESKTOP-5P74EC3" ignored="0" name="TestOne" tests="4" failures="0" timestamp="2020-10-12T17:47:22 IST" time="88.05" errors="0">
  <testcase name="TestOne" time="12.647" classname="testCases.Test1"/>
  <testcase name="TestOne" time="13.67" classname="testCases.Test1"/>
  <testcase name="TestTwo" time="9.1" classname="testCases.Test1"/>
  <testcase name="TestTwo" time="14.594" classname="testCases.Test1"/>
</testsuite> <!-- TestOne -->
