<?xml version="1.0" encoding="UTF-8"?>
<!-- Generated by org.testng.reporters.JUnitXMLReporter -->
<testsuite hostname="DESKTOP-5P74EC3" ignored="0" name="TestTwo" tests="4" failures="0" timestamp="2020-10-12T10:30:03 IST" time="93.646" errors="0">
  <testcase name="TestOne" time="23.507" classname="testCases.Test1"/>
  <testcase name="TestOne" time="23.079" classname="testCases.Test1"/>
  <testcase name="TestTwo" time="24.567" classname="testCases.Test1"/>
  <testcase name="TestTwo" time="22.476" classname="testCases.Test1"/>
</testsuite> <!-- TestTwo -->
